<?xml version="1.0" encoding="UTF-8"?>
<!-- Generated by org.testng.reporters.JUnitReportReporter -->
<testsuite hostname="Sandz" failures="0" tests="1" name="tech.credify.qa.Tests.LoginPageTest" time="16.705" errors="0" timestamp="2019-10-07T10:35:10 GMT-04:00" skipped="0">
  <testcase classname="tech.credify.qa.Tests.LoginPageTest" name="Sign_Into_App_Test" time="16.705"/>
</testsuite> <!-- tech.credify.qa.Tests.LoginPageTest -->
