<?xml version="1.0" encoding="UTF-8"?>
<!-- Generated by org.testng.reporters.JUnitReportReporter -->
<testsuite hostname="Sandz" failures="0" tests="1" name="tech.credify.qa.Tests.RegistrationPageTest" time="43.663" errors="0" timestamp="2019-10-10T12:10:35 GMT-04:00" skipped="0">
  <testcase classname="tech.credify.qa.Tests.RegistrationPageTest" name="verifyning_RegPage_Test" time="43.663"/>
</testsuite> <!-- tech.credify.qa.Tests.RegistrationPageTest -->
